2018-10-23 03:52:47 [192.168.1.7][-][-][warning][yii\debug\Module::checkAccess] Access to debugger is denied due to IP address restriction. The requesting IP address is 192.168.1.7
    in /var/www/html/AyD1-G9-Proyecto/pensum-toolbox/views/layouts/main.php:82
    in /var/www/html/AyD1-G9-Proyecto/pensum-toolbox/controllers/SiteController.php:83
2018-10-23 03:52:47 [192.168.1.7][-][-][warning][yii\debug\Module::checkAccess] Access to debugger is denied due to IP address restriction. The requesting IP address is 192.168.1.7
2018-10-23 03:52:40 [192.168.1.7][-][-][info][application] $_GET = []

$_POST = []

$_FILES = []

$_COOKIE = []

$_SESSION = [
    '__flash' => []
]

$_SERVER = [
    'HTTP_HOST' => 'analisis'
    'HTTP_CONNECTION' => 'keep-alive'
    'HTTP_UPGRADE_INSECURE_REQUESTS' => '1'
    'HTTP_USER_AGENT' => 'Mozilla/5.0 (X11; Linux x86_64) AppleWebKit/537.36 (KHTML, like Gecko) Chrome/69.0.3497.81 Safari/537.36'
    'HTTP_DNT' => '1'
    'HTTP_ACCEPT' => 'text/html,application/xhtml+xml,application/xml;q=0.9,image/webp,image/apng,*/*;q=0.8'
    'HTTP_ACCEPT_ENCODING' => 'gzip, deflate'
    'HTTP_ACCEPT_LANGUAGE' => 'en-US,en;q=0.9,es-US;q=0.8,es;q=0.7'
    'PATH' => '/usr/local/sbin:/usr/local/bin:/usr/sbin:/usr/bin:/sbin:/bin'
    'SERVER_SIGNATURE' => '<address>Apache/2.4.18 (Ubuntu) Server at analisis Port 80</address>
'
    'SERVER_SOFTWARE' => 'Apache/2.4.18 (Ubuntu)'
    'SERVER_NAME' => 'analisis'
    'SERVER_ADDR' => '192.168.1.18'
    'SERVER_PORT' => '80'
    'REMOTE_ADDR' => '192.168.1.7'
    'DOCUMENT_ROOT' => '/var/www/html'
    'REQUEST_SCHEME' => 'http'
    'CONTEXT_PREFIX' => ''
    'CONTEXT_DOCUMENT_ROOT' => '/var/www/html'
    'SERVER_ADMIN' => 'webmaster@localhost'
    'SCRIPT_FILENAME' => '/var/www/html/AyD1-G9-Proyecto/pensum-toolbox/web/index.php'
    'REMOTE_PORT' => '41964'
    'GATEWAY_INTERFACE' => 'CGI/1.1'
    'SERVER_PROTOCOL' => 'HTTP/1.1'
    'REQUEST_METHOD' => 'GET'
    'QUERY_STRING' => ''
    'REQUEST_URI' => '/AyD1-G9-Proyecto/pensum-toolbox/web/index.php'
    'SCRIPT_NAME' => '/AyD1-G9-Proyecto/pensum-toolbox/web/index.php'
    'PHP_SELF' => '/AyD1-G9-Proyecto/pensum-toolbox/web/index.php'
    'REQUEST_TIME_FLOAT' => 1540266760.186
    'REQUEST_TIME' => 1540266760
]
